<?xml version="1.0" encoding="UTF-8"?>
<testsuite name="com.example.spring_shopping.Service.MemberServiceTest" tests="1" skipped="0" failures="0" errors="0" timestamp="2023-09-12T16:10:33" hostname="DESKTOP-KOT2UBJ" time="0.758">
  <properties/>
  <testcase name="회원가입()" classname="com.example.spring_shopping.Service.MemberServiceTest" time="0.758"/>
  <system-out><![CDATA[01:10:29.719 [Test worker] INFO org.springframework.test.context.support.AnnotationConfigContextLoaderUtils -- Could not detect default configuration classes for test class [com.example.spring_shopping.Service.MemberServiceTest]: MemberServiceTest does not declare any static, non-private, non-final, nested classes annotated with @Configuration.
01:10:29.811 [Test worker] INFO org.springframework.boot.test.context.SpringBootTestContextBootstrapper -- Found @SpringBootConfiguration com.example.spring_shopping.SpringShoppingApplication for test class com.example.spring_shopping.Service.MemberServiceTest

  .   ____          _            __ _ _
 /\\ / ___'_ __ _ _(_)_ __  __ _ \ \ \ \
( ( )\___ | '_ | '_| | '_ \/ _` | \ \ \ \
 \\/  ___)| |_)| | | | | || (_| |  ) ) ) )
  '  |____| .__|_| |_|_| |_\__, | / / / /
 =========|_|==============|___/=/_/_/_/
 :: Spring Boot ::                (v3.1.3)

2023-09-13T01:10:30.208+09:00  INFO 24492 --- [    Test worker] c.e.s.Service.MemberServiceTest          : Starting MemberServiceTest using Java 17.0.7 with PID 24492 (started by znzn1 in C:\Users\znzn1\Desktop\Sptring_shopping)
2023-09-13T01:10:30.209+09:00  INFO 24492 --- [    Test worker] c.e.s.Service.MemberServiceTest          : No active profile set, falling back to 1 default profile: "default"
2023-09-13T01:10:30.705+09:00  INFO 24492 --- [    Test worker] .s.d.r.c.RepositoryConfigurationDelegate : Bootstrapping Spring Data JPA repositories in DEFAULT mode.
2023-09-13T01:10:30.726+09:00  INFO 24492 --- [    Test worker] .s.d.r.c.RepositoryConfigurationDelegate : Finished Spring Data repository scanning in 13 ms. Found 0 JPA repository interfaces.
2023-09-13T01:10:31.092+09:00  INFO 24492 --- [    Test worker] com.zaxxer.hikari.HikariDataSource       : HikariPool-1 - Starting...
2023-09-13T01:10:31.261+09:00  INFO 24492 --- [    Test worker] com.zaxxer.hikari.pool.HikariPool        : HikariPool-1 - Added connection conn0: url=jdbc:h2:mem:da0038ed-8825-4095-ace3-df862067e79b user=SA
2023-09-13T01:10:31.263+09:00  INFO 24492 --- [    Test worker] com.zaxxer.hikari.HikariDataSource       : HikariPool-1 - Start completed.
2023-09-13T01:10:31.306+09:00  INFO 24492 --- [    Test worker] o.hibernate.jpa.internal.util.LogHelper  : HHH000204: Processing PersistenceUnitInfo [name: default]
2023-09-13T01:10:31.373+09:00  INFO 24492 --- [    Test worker] org.hibernate.Version                    : HHH000412: Hibernate ORM core version 6.2.7.Final
2023-09-13T01:10:31.376+09:00  INFO 24492 --- [    Test worker] org.hibernate.cfg.Environment            : HHH000406: Using bytecode reflection optimizer
2023-09-13T01:10:31.500+09:00 DEBUG 24492 --- [    Test worker] org.hibernate.type.BasicTypeRegistry     : Adding type registration boolean -> org.hibernate.type.BasicTypeReference@5c25d0d1
2023-09-13T01:10:31.500+09:00 DEBUG 24492 --- [    Test worker] org.hibernate.type.BasicTypeRegistry     : Adding type registration boolean -> org.hibernate.type.BasicTypeReference@5c25d0d1
2023-09-13T01:10:31.500+09:00 DEBUG 24492 --- [    Test worker] org.hibernate.type.BasicTypeRegistry     : Adding type registration java.lang.Boolean -> org.hibernate.type.BasicTypeReference@5c25d0d1
2023-09-13T01:10:31.500+09:00 DEBUG 24492 --- [    Test worker] org.hibernate.type.BasicTypeRegistry     : Adding type registration numeric_boolean -> org.hibernate.type.BasicTypeReference@22c8ee48
2023-09-13T01:10:31.501+09:00 DEBUG 24492 --- [    Test worker] org.hibernate.type.BasicTypeRegistry     : Adding type registration org.hibernate.type.NumericBooleanConverter -> org.hibernate.type.BasicTypeReference@22c8ee48
2023-09-13T01:10:31.501+09:00 DEBUG 24492 --- [    Test worker] org.hibernate.type.BasicTypeRegistry     : Adding type registration true_false -> org.hibernate.type.BasicTypeReference@7845b21a
2023-09-13T01:10:31.501+09:00 DEBUG 24492 --- [    Test worker] org.hibernate.type.BasicTypeRegistry     : Adding type registration org.hibernate.type.TrueFalseConverter -> org.hibernate.type.BasicTypeReference@7845b21a
2023-09-13T01:10:31.501+09:00 DEBUG 24492 --- [    Test worker] org.hibernate.type.BasicTypeRegistry     : Adding type registration yes_no -> org.hibernate.type.BasicTypeReference@51f01535
2023-09-13T01:10:31.501+09:00 DEBUG 24492 --- [    Test worker] org.hibernate.type.BasicTypeRegistry     : Adding type registration org.hibernate.type.YesNoConverter -> org.hibernate.type.BasicTypeReference@51f01535
2023-09-13T01:10:31.501+09:00 DEBUG 24492 --- [    Test worker] org.hibernate.type.BasicTypeRegistry     : Adding type registration byte -> org.hibernate.type.BasicTypeReference@2321e482
2023-09-13T01:10:31.501+09:00 DEBUG 24492 --- [    Test worker] org.hibernate.type.BasicTypeRegistry     : Adding type registration byte -> org.hibernate.type.BasicTypeReference@2321e482
2023-09-13T01:10:31.501+09:00 DEBUG 24492 --- [    Test worker] org.hibernate.type.BasicTypeRegistry     : Adding type registration java.lang.Byte -> org.hibernate.type.BasicTypeReference@2321e482
2023-09-13T01:10:31.501+09:00 DEBUG 24492 --- [    Test worker] org.hibernate.type.BasicTypeRegistry     : Adding type registration binary -> org.hibernate.type.BasicTypeReference@467ef400
2023-09-13T01:10:31.502+09:00 DEBUG 24492 --- [    Test worker] org.hibernate.type.BasicTypeRegistry     : Adding type registration byte[] -> org.hibernate.type.BasicTypeReference@467ef400
2023-09-13T01:10:31.502+09:00 DEBUG 24492 --- [    Test worker] org.hibernate.type.BasicTypeRegistry     : Adding type registration [B -> org.hibernate.type.BasicTypeReference@467ef400
2023-09-13T01:10:31.502+09:00 DEBUG 24492 --- [    Test worker] org.hibernate.type.BasicTypeRegistry     : Adding type registration binary_wrapper -> org.hibernate.type.BasicTypeReference@6e5f5478
2023-09-13T01:10:31.502+09:00 DEBUG 24492 --- [    Test worker] org.hibernate.type.BasicTypeRegistry     : Adding type registration wrapper-binary -> org.hibernate.type.BasicTypeReference@6e5f5478
2023-09-13T01:10:31.502+09:00 DEBUG 24492 --- [    Test worker] org.hibernate.type.BasicTypeRegistry     : Adding type registration image -> org.hibernate.type.BasicTypeReference@5fb07347
2023-09-13T01:10:31.502+09:00 DEBUG 24492 --- [    Test worker] org.hibernate.type.BasicTypeRegistry     : Adding type registration blob -> org.hibernate.type.BasicTypeReference@3ef2b8e5
2023-09-13T01:10:31.502+09:00 DEBUG 24492 --- [    Test worker] org.hibernate.type.BasicTypeRegistry     : Adding type registration java.sql.Blob -> org.hibernate.type.BasicTypeReference@3ef2b8e5
2023-09-13T01:10:31.502+09:00 DEBUG 24492 --- [    Test worker] org.hibernate.type.BasicTypeRegistry     : Adding type registration materialized_blob -> org.hibernate.type.BasicTypeReference@49190ed6
2023-09-13T01:10:31.502+09:00 DEBUG 24492 --- [    Test worker] org.hibernate.type.BasicTypeRegistry     : Adding type registration materialized_blob_wrapper -> org.hibernate.type.BasicTypeReference@5d717f19
2023-09-13T01:10:31.502+09:00 DEBUG 24492 --- [    Test worker] org.hibernate.type.BasicTypeRegistry     : Adding type registration short -> org.hibernate.type.BasicTypeReference@18715bb
2023-09-13T01:10:31.503+09:00 DEBUG 24492 --- [    Test worker] org.hibernate.type.BasicTypeRegistry     : Adding type registration short -> org.hibernate.type.BasicTypeReference@18715bb
2023-09-13T01:10:31.503+09:00 DEBUG 24492 --- [    Test worker] org.hibernate.type.BasicTypeRegistry     : Adding type registration java.lang.Short -> org.hibernate.type.BasicTypeReference@18715bb
2023-09-13T01:10:31.503+09:00 DEBUG 24492 --- [    Test worker] org.hibernate.type.BasicTypeRegistry     : Adding type registration integer -> org.hibernate.type.BasicTypeReference@2a19a0fe
2023-09-13T01:10:31.503+09:00 DEBUG 24492 --- [    Test worker] org.hibernate.type.BasicTypeRegistry     : Adding type registration int -> org.hibernate.type.BasicTypeReference@2a19a0fe
2023-09-13T01:10:31.503+09:00 DEBUG 24492 --- [    Test worker] org.hibernate.type.BasicTypeRegistry     : Adding type registration java.lang.Integer -> org.hibernate.type.BasicTypeReference@2a19a0fe
2023-09-13T01:10:31.503+09:00 DEBUG 24492 --- [    Test worker] org.hibernate.type.BasicTypeRegistry     : Adding type registration long -> org.hibernate.type.BasicTypeReference@2b7774d5
2023-09-13T01:10:31.503+09:00 DEBUG 24492 --- [    Test worker] org.hibernate.type.BasicTypeRegistry     : Adding type registration long -> org.hibernate.type.BasicTypeReference@2b7774d5
2023-09-13T01:10:31.503+09:00 DEBUG 24492 --- [    Test worker] org.hibernate.type.BasicTypeRegistry     : Adding type registration java.lang.Long -> org.hibernate.type.BasicTypeReference@2b7774d5
2023-09-13T01:10:31.503+09:00 DEBUG 24492 --- [    Test worker] org.hibernate.type.BasicTypeRegistry     : Adding type registration float -> org.hibernate.type.BasicTypeReference@7d284f15
2023-09-13T01:10:31.503+09:00 DEBUG 24492 --- [    Test worker] org.hibernate.type.BasicTypeRegistry     : Adding type registration float -> org.hibernate.type.BasicTypeReference@7d284f15
2023-09-13T01:10:31.503+09:00 DEBUG 24492 --- [    Test worker] org.hibernate.type.BasicTypeRegistry     : Adding type registration java.lang.Float -> org.hibernate.type.BasicTypeReference@7d284f15
2023-09-13T01:10:31.504+09:00 DEBUG 24492 --- [    Test worker] org.hibernate.type.BasicTypeRegistry     : Adding type registration double -> org.hibernate.type.BasicTypeReference@44bbb7c6
2023-09-13T01:10:31.504+09:00 DEBUG 24492 --- [    Test worker] org.hibernate.type.BasicTypeRegistry     : Adding type registration double -> org.hibernate.type.BasicTypeReference@44bbb7c6
2023-09-13T01:10:31.504+09:00 DEBUG 24492 --- [    Test worker] org.hibernate.type.BasicTypeRegistry     : Adding type registration java.lang.Double -> org.hibernate.type.BasicTypeReference@44bbb7c6
2023-09-13T01:10:31.504+09:00 DEBUG 24492 --- [    Test worker] org.hibernate.type.BasicTypeRegistry     : Adding type registration big_integer -> org.hibernate.type.BasicTypeReference@2342f1ff
2023-09-13T01:10:31.504+09:00 DEBUG 24492 --- [    Test worker] org.hibernate.type.BasicTypeRegistry     : Adding type registration java.math.BigInteger -> org.hibernate.type.BasicTypeReference@2342f1ff
2023-09-13T01:10:31.504+09:00 DEBUG 24492 --- [    Test worker] org.hibernate.type.BasicTypeRegistry     : Adding type registration big_decimal -> org.hibernate.type.BasicTypeReference@3303e89e
2023-09-13T01:10:31.504+09:00 DEBUG 24492 --- [    Test worker] org.hibernate.type.BasicTypeRegistry     : Adding type registration java.math.BigDecimal -> org.hibernate.type.BasicTypeReference@3303e89e
2023-09-13T01:10:31.504+09:00 DEBUG 24492 --- [    Test worker] org.hibernate.type.BasicTypeRegistry     : Adding type registration character -> org.hibernate.type.BasicTypeReference@cec590c
2023-09-13T01:10:31.504+09:00 DEBUG 24492 --- [    Test worker] org.hibernate.type.BasicTypeRegistry     : Adding type registration char -> org.hibernate.type.BasicTypeReference@cec590c
2023-09-13T01:10:31.504+09:00 DEBUG 24492 --- [    Test worker] org.hibernate.type.BasicTypeRegistry     : Adding type registration java.lang.Character -> org.hibernate.type.BasicTypeReference@cec590c
2023-09-13T01:10:31.504+09:00 DEBUG 24492 --- [    Test worker] org.hibernate.type.BasicTypeRegistry     : Adding type registration character_nchar -> org.hibernate.type.BasicTypeReference@1570cad0
2023-09-13T01:10:31.504+09:00 DEBUG 24492 --- [    Test worker] org.hibernate.type.BasicTypeRegistry     : Adding type registration string -> org.hibernate.type.BasicTypeReference@21090c88
2023-09-13T01:10:31.505+09:00 DEBUG 24492 --- [    Test worker] org.hibernate.type.BasicTypeRegistry     : Adding type registration java.lang.String -> org.hibernate.type.BasicTypeReference@21090c88
2023-09-13T01:10:31.505+09:00 DEBUG 24492 --- [    Test worker] org.hibernate.type.BasicTypeRegistry     : Adding type registration nstring -> org.hibernate.type.BasicTypeReference@d62472f
2023-09-13T01:10:31.505+09:00 DEBUG 24492 --- [    Test worker] org.hibernate.type.BasicTypeRegistry     : Adding type registration characters -> org.hibernate.type.BasicTypeReference@63a84bb6
2023-09-13T01:10:31.505+09:00 DEBUG 24492 --- [    Test worker] org.hibernate.type.BasicTypeRegistry     : Adding type registration char[] -> org.hibernate.type.BasicTypeReference@63a84bb6
2023-09-13T01:10:31.505+09:00 DEBUG 24492 --- [    Test worker] org.hibernate.type.BasicTypeRegistry     : Adding type registration [C -> org.hibernate.type.BasicTypeReference@63a84bb6
2023-09-13T01:10:31.505+09:00 DEBUG 24492 --- [    Test worker] org.hibernate.type.BasicTypeRegistry     : Adding type registration wrapper-characters -> org.hibernate.type.BasicTypeReference@701d2b59
2023-09-13T01:10:31.505+09:00 DEBUG 24492 --- [    Test worker] org.hibernate.type.BasicTypeRegistry     : Adding type registration text -> org.hibernate.type.BasicTypeReference@1999149e
2023-09-13T01:10:31.505+09:00 DEBUG 24492 --- [    Test worker] org.hibernate.type.BasicTypeRegistry     : Adding type registration ntext -> org.hibernate.type.BasicTypeReference@65d73bd
2023-09-13T01:10:31.505+09:00 DEBUG 24492 --- [    Test worker] org.hibernate.type.BasicTypeRegistry     : Adding type registration clob -> org.hibernate.type.BasicTypeReference@27896d3b
2023-09-13T01:10:31.505+09:00 DEBUG 24492 --- [    Test worker] org.hibernate.type.BasicTypeRegistry     : Adding type registration java.sql.Clob -> org.hibernate.type.BasicTypeReference@27896d3b
2023-09-13T01:10:31.505+09:00 DEBUG 24492 --- [    Test worker] org.hibernate.type.BasicTypeRegistry     : Adding type registration nclob -> org.hibernate.type.BasicTypeReference@3ed7dd70
2023-09-13T01:10:31.506+09:00 DEBUG 24492 --- [    Test worker] org.hibernate.type.BasicTypeRegistry     : Adding type registration java.sql.NClob -> org.hibernate.type.BasicTypeReference@3ed7dd70
2023-09-13T01:10:31.506+09:00 DEBUG 24492 --- [    Test worker] org.hibernate.type.BasicTypeRegistry     : Adding type registration materialized_clob -> org.hibernate.type.BasicTypeReference@6f3b13d0
2023-09-13T01:10:31.506+09:00 DEBUG 24492 --- [    Test worker] org.hibernate.type.BasicTypeRegistry     : Adding type registration materialized_clob_char_array -> org.hibernate.type.BasicTypeReference@2964511
2023-09-13T01:10:31.506+09:00 DEBUG 24492 --- [    Test worker] org.hibernate.type.BasicTypeRegistry     : Adding type registration materialized_clob_character_array -> org.hibernate.type.BasicTypeReference@6e9a10cd
2023-09-13T01:10:31.506+09:00 DEBUG 24492 --- [    Test worker] org.hibernate.type.BasicTypeRegistry     : Adding type registration materialized_nclob -> org.hibernate.type.BasicTypeReference@6ea66c33
2023-09-13T01:10:31.506+09:00 DEBUG 24492 --- [    Test worker] org.hibernate.type.BasicTypeRegistry     : Adding type registration materialized_nclob_character_array -> org.hibernate.type.BasicTypeReference@59b447a4
2023-09-13T01:10:31.506+09:00 DEBUG 24492 --- [    Test worker] org.hibernate.type.BasicTypeRegistry     : Adding type registration materialized_nclob_char_array -> org.hibernate.type.BasicTypeReference@69ba3f4e
2023-09-13T01:10:31.506+09:00 DEBUG 24492 --- [    Test worker] org.hibernate.type.BasicTypeRegistry     : Adding type registration Duration -> org.hibernate.type.BasicTypeReference@579846cc
2023-09-13T01:10:31.506+09:00 DEBUG 24492 --- [    Test worker] org.hibernate.type.BasicTypeRegistry     : Adding type registration java.time.Duration -> org.hibernate.type.BasicTypeReference@579846cc
2023-09-13T01:10:31.506+09:00 DEBUG 24492 --- [    Test worker] org.hibernate.type.BasicTypeRegistry     : Adding type registration LocalDateTime -> org.hibernate.type.BasicTypeReference@a826ff8
2023-09-13T01:10:31.506+09:00 DEBUG 24492 --- [    Test worker] org.hibernate.type.BasicTypeRegistry     : Adding type registration java.time.LocalDateTime -> org.hibernate.type.BasicTypeReference@a826ff8
2023-09-13T01:10:31.507+09:00 DEBUG 24492 --- [    Test worker] org.hibernate.type.BasicTypeRegistry     : Adding type registration LocalDate -> org.hibernate.type.BasicTypeReference@71f0806b
2023-09-13T01:10:31.507+09:00 DEBUG 24492 --- [    Test worker] org.hibernate.type.BasicTypeRegistry     : Adding type registration java.time.LocalDate -> org.hibernate.type.BasicTypeReference@71f0806b
2023-09-13T01:10:31.507+09:00 DEBUG 24492 --- [    Test worker] org.hibernate.type.BasicTypeRegistry     : Adding type registration LocalTime -> org.hibernate.type.BasicTypeReference@49889154
2023-09-13T01:10:31.507+09:00 DEBUG 24492 --- [    Test worker] org.hibernate.type.BasicTypeRegistry     : Adding type registration java.time.LocalTime -> org.hibernate.type.BasicTypeReference@49889154
2023-09-13T01:10:31.507+09:00 DEBUG 24492 --- [    Test worker] org.hibernate.type.BasicTypeRegistry     : Adding type registration OffsetDateTime -> org.hibernate.type.BasicTypeReference@5c33008f
2023-09-13T01:10:31.507+09:00 DEBUG 24492 --- [    Test worker] org.hibernate.type.BasicTypeRegistry     : Adding type registration java.time.OffsetDateTime -> org.hibernate.type.BasicTypeReference@5c33008f
2023-09-13T01:10:31.507+09:00 DEBUG 24492 --- [    Test worker] org.hibernate.type.BasicTypeRegistry     : Adding type registration OffsetDateTimeWithTimezone -> org.hibernate.type.BasicTypeReference@45d7495e
2023-09-13T01:10:31.507+09:00 DEBUG 24492 --- [    Test worker] org.hibernate.type.BasicTypeRegistry     : Adding type registration OffsetDateTimeWithoutTimezone -> org.hibernate.type.BasicTypeReference@30517a57
2023-09-13T01:10:31.507+09:00 DEBUG 24492 --- [    Test worker] org.hibernate.type.BasicTypeRegistry     : Adding type registration OffsetTime -> org.hibernate.type.BasicTypeReference@3dde5f38
2023-09-13T01:10:31.507+09:00 DEBUG 24492 --- [    Test worker] org.hibernate.type.BasicTypeRegistry     : Adding type registration java.time.OffsetTime -> org.hibernate.type.BasicTypeReference@3dde5f38
2023-09-13T01:10:31.507+09:00 DEBUG 24492 --- [    Test worker] org.hibernate.type.BasicTypeRegistry     : Adding type registration OffsetTimeUtc -> org.hibernate.type.BasicTypeReference@79ad1774
2023-09-13T01:10:31.507+09:00 DEBUG 24492 --- [    Test worker] org.hibernate.type.BasicTypeRegistry     : Adding type registration OffsetTimeWithTimezone -> org.hibernate.type.BasicTypeReference@64f3ca6
2023-09-13T01:10:31.507+09:00 DEBUG 24492 --- [    Test worker] org.hibernate.type.BasicTypeRegistry     : Adding type registration OffsetTimeWithoutTimezone -> org.hibernate.type.BasicTypeReference@3df77dfa
2023-09-13T01:10:31.507+09:00 DEBUG 24492 --- [    Test worker] org.hibernate.type.BasicTypeRegistry     : Adding type registration ZonedDateTime -> org.hibernate.type.BasicTypeReference@721fc2e3
2023-09-13T01:10:31.507+09:00 DEBUG 24492 --- [    Test worker] org.hibernate.type.BasicTypeRegistry     : Adding type registration java.time.ZonedDateTime -> org.hibernate.type.BasicTypeReference@721fc2e3
2023-09-13T01:10:31.507+09:00 DEBUG 24492 --- [    Test worker] org.hibernate.type.BasicTypeRegistry     : Adding type registration ZonedDateTimeWithTimezone -> org.hibernate.type.BasicTypeReference@63187d63
2023-09-13T01:10:31.508+09:00 DEBUG 24492 --- [    Test worker] org.hibernate.type.BasicTypeRegistry     : Adding type registration ZonedDateTimeWithoutTimezone -> org.hibernate.type.BasicTypeReference@1ccdc7aa
2023-09-13T01:10:31.508+09:00 DEBUG 24492 --- [    Test worker] org.hibernate.type.BasicTypeRegistry     : Adding type registration date -> org.hibernate.type.BasicTypeReference@1a536164
2023-09-13T01:10:31.508+09:00 DEBUG 24492 --- [    Test worker] org.hibernate.type.BasicTypeRegistry     : Adding type registration java.sql.Date -> org.hibernate.type.BasicTypeReference@1a536164
2023-09-13T01:10:31.508+09:00 DEBUG 24492 --- [    Test worker] org.hibernate.type.BasicTypeRegistry     : Adding type registration time -> org.hibernate.type.BasicTypeReference@1657b017
2023-09-13T01:10:31.508+09:00 DEBUG 24492 --- [    Test worker] org.hibernate.type.BasicTypeRegistry     : Adding type registration java.sql.Time -> org.hibernate.type.BasicTypeReference@1657b017
2023-09-13T01:10:31.508+09:00 DEBUG 24492 --- [    Test worker] org.hibernate.type.BasicTypeRegistry     : Adding type registration timestamp -> org.hibernate.type.BasicTypeReference@368424db
2023-09-13T01:10:31.508+09:00 DEBUG 24492 --- [    Test worker] org.hibernate.type.BasicTypeRegistry     : Adding type registration java.sql.Timestamp -> org.hibernate.type.BasicTypeReference@368424db
2023-09-13T01:10:31.508+09:00 DEBUG 24492 --- [    Test worker] org.hibernate.type.BasicTypeRegistry     : Adding type registration java.util.Date -> org.hibernate.type.BasicTypeReference@368424db
2023-09-13T01:10:31.508+09:00 DEBUG 24492 --- [    Test worker] org.hibernate.type.BasicTypeRegistry     : Adding type registration calendar -> org.hibernate.type.BasicTypeReference@44864536
2023-09-13T01:10:31.508+09:00 DEBUG 24492 --- [    Test worker] org.hibernate.type.BasicTypeRegistry     : Adding type registration java.util.Calendar -> org.hibernate.type.BasicTypeReference@44864536
2023-09-13T01:10:31.508+09:00 DEBUG 24492 --- [    Test worker] org.hibernate.type.BasicTypeRegistry     : Adding type registration java.util.GregorianCalendar -> org.hibernate.type.BasicTypeReference@44864536
2023-09-13T01:10:31.508+09:00 DEBUG 24492 --- [    Test worker] org.hibernate.type.BasicTypeRegistry     : Adding type registration calendar_date -> org.hibernate.type.BasicTypeReference@455f4483
2023-09-13T01:10:31.508+09:00 DEBUG 24492 --- [    Test worker] org.hibernate.type.BasicTypeRegistry     : Adding type registration calendar_time -> org.hibernate.type.BasicTypeReference@6e239337
2023-09-13T01:10:31.508+09:00 DEBUG 24492 --- [    Test worker] org.hibernate.type.BasicTypeRegistry     : Adding type registration instant -> org.hibernate.type.BasicTypeReference@7996d0d4
2023-09-13T01:10:31.508+09:00 DEBUG 24492 --- [    Test worker] org.hibernate.type.BasicTypeRegistry     : Adding type registration java.time.Instant -> org.hibernate.type.BasicTypeReference@7996d0d4
2023-09-13T01:10:31.508+09:00 DEBUG 24492 --- [    Test worker] org.hibernate.type.BasicTypeRegistry     : Adding type registration uuid -> org.hibernate.type.BasicTypeReference@fcf9525
2023-09-13T01:10:31.509+09:00 DEBUG 24492 --- [    Test worker] org.hibernate.type.BasicTypeRegistry     : Adding type registration java.util.UUID -> org.hibernate.type.BasicTypeReference@fcf9525
2023-09-13T01:10:31.509+09:00 DEBUG 24492 --- [    Test worker] org.hibernate.type.BasicTypeRegistry     : Adding type registration pg-uuid -> org.hibernate.type.BasicTypeReference@fcf9525
2023-09-13T01:10:31.509+09:00 DEBUG 24492 --- [    Test worker] org.hibernate.type.BasicTypeRegistry     : Adding type registration uuid-binary -> org.hibernate.type.BasicTypeReference@300bb303
2023-09-13T01:10:31.509+09:00 DEBUG 24492 --- [    Test worker] org.hibernate.type.BasicTypeRegistry     : Adding type registration uuid-char -> org.hibernate.type.BasicTypeReference@4243341e
2023-09-13T01:10:31.509+09:00 DEBUG 24492 --- [    Test worker] org.hibernate.type.BasicTypeRegistry     : Adding type registration class -> org.hibernate.type.BasicTypeReference@d1c5cf2
2023-09-13T01:10:31.509+09:00 DEBUG 24492 --- [    Test worker] org.hibernate.type.BasicTypeRegistry     : Adding type registration java.lang.Class -> org.hibernate.type.BasicTypeReference@d1c5cf2
2023-09-13T01:10:31.509+09:00 DEBUG 24492 --- [    Test worker] org.hibernate.type.BasicTypeRegistry     : Adding type registration currency -> org.hibernate.type.BasicTypeReference@7e0986c9
2023-09-13T01:10:31.509+09:00 DEBUG 24492 --- [    Test worker] org.hibernate.type.BasicTypeRegistry     : Adding type registration Currency -> org.hibernate.type.BasicTypeReference@7e0986c9
2023-09-13T01:10:31.509+09:00 DEBUG 24492 --- [    Test worker] org.hibernate.type.BasicTypeRegistry     : Adding type registration java.util.Currency -> org.hibernate.type.BasicTypeReference@7e0986c9
2023-09-13T01:10:31.509+09:00 DEBUG 24492 --- [    Test worker] org.hibernate.type.BasicTypeRegistry     : Adding type registration locale -> org.hibernate.type.BasicTypeReference@1377b1a0
2023-09-13T01:10:31.509+09:00 DEBUG 24492 --- [    Test worker] org.hibernate.type.BasicTypeRegistry     : Adding type registration java.util.Locale -> org.hibernate.type.BasicTypeReference@1377b1a0
2023-09-13T01:10:31.509+09:00 DEBUG 24492 --- [    Test worker] org.hibernate.type.BasicTypeRegistry     : Adding type registration serializable -> org.hibernate.type.BasicTypeReference@48cf8414
2023-09-13T01:10:31.509+09:00 DEBUG 24492 --- [    Test worker] org.hibernate.type.BasicTypeRegistry     : Adding type registration java.io.Serializable -> org.hibernate.type.BasicTypeReference@48cf8414
2023-09-13T01:10:31.509+09:00 DEBUG 24492 --- [    Test worker] org.hibernate.type.BasicTypeRegistry     : Adding type registration timezone -> org.hibernate.type.BasicTypeReference@27dbaa33
2023-09-13T01:10:31.509+09:00 DEBUG 24492 --- [    Test worker] org.hibernate.type.BasicTypeRegistry     : Adding type registration java.util.TimeZone -> org.hibernate.type.BasicTypeReference@27dbaa33
2023-09-13T01:10:31.509+09:00 DEBUG 24492 --- [    Test worker] org.hibernate.type.BasicTypeRegistry     : Adding type registration ZoneOffset -> org.hibernate.type.BasicTypeReference@15d65fcf
2023-09-13T01:10:31.509+09:00 DEBUG 24492 --- [    Test worker] org.hibernate.type.BasicTypeRegistry     : Adding type registration java.time.ZoneOffset -> org.hibernate.type.BasicTypeReference@15d65fcf
2023-09-13T01:10:31.509+09:00 DEBUG 24492 --- [    Test worker] org.hibernate.type.BasicTypeRegistry     : Adding type registration url -> org.hibernate.type.BasicTypeReference@3b021664
2023-09-13T01:10:31.510+09:00 DEBUG 24492 --- [    Test worker] org.hibernate.type.BasicTypeRegistry     : Adding type registration java.net.URL -> org.hibernate.type.BasicTypeReference@3b021664
2023-09-13T01:10:31.510+09:00 DEBUG 24492 --- [    Test worker] org.hibernate.type.BasicTypeRegistry     : Adding type registration row_version -> org.hibernate.type.BasicTypeReference@f59da34
2023-09-13T01:10:31.514+09:00 DEBUG 24492 --- [    Test worker] org.hibernate.type.BasicTypeRegistry     : Adding type registration object -> org.hibernate.type.JavaObjectType@619c3546
2023-09-13T01:10:31.514+09:00 DEBUG 24492 --- [    Test worker] org.hibernate.type.BasicTypeRegistry     : Adding type registration java.lang.Object -> org.hibernate.type.JavaObjectType@619c3546
2023-09-13T01:10:31.515+09:00 DEBUG 24492 --- [    Test worker] org.hibernate.type.BasicTypeRegistry     : Adding type registration null -> org.hibernate.type.NullType@12f9f896
2023-09-13T01:10:31.516+09:00 DEBUG 24492 --- [    Test worker] org.hibernate.type.BasicTypeRegistry     : Adding type registration imm_date -> org.hibernate.type.BasicTypeReference@7548e1fb
2023-09-13T01:10:31.516+09:00 DEBUG 24492 --- [    Test worker] org.hibernate.type.BasicTypeRegistry     : Adding type registration imm_time -> org.hibernate.type.BasicTypeReference@505f45cc
2023-09-13T01:10:31.516+09:00 DEBUG 24492 --- [    Test worker] org.hibernate.type.BasicTypeRegistry     : Adding type registration imm_timestamp -> org.hibernate.type.BasicTypeReference@994544
2023-09-13T01:10:31.516+09:00 DEBUG 24492 --- [    Test worker] org.hibernate.type.BasicTypeRegistry     : Adding type registration imm_calendar -> org.hibernate.type.BasicTypeReference@5df92089
2023-09-13T01:10:31.516+09:00 DEBUG 24492 --- [    Test worker] org.hibernate.type.BasicTypeRegistry     : Adding type registration imm_calendar_date -> org.hibernate.type.BasicTypeReference@6f0c45f4
2023-09-13T01:10:31.516+09:00 DEBUG 24492 --- [    Test worker] org.hibernate.type.BasicTypeRegistry     : Adding type registration imm_calendar_time -> org.hibernate.type.BasicTypeReference@45571cfc
2023-09-13T01:10:31.516+09:00 DEBUG 24492 --- [    Test worker] org.hibernate.type.BasicTypeRegistry     : Adding type registration imm_binary -> org.hibernate.type.BasicTypeReference@faec277
2023-09-13T01:10:31.516+09:00 DEBUG 24492 --- [    Test worker] org.hibernate.type.BasicTypeRegistry     : Adding type registration imm_serializable -> org.hibernate.type.BasicTypeReference@1b475663
2023-09-13T01:10:31.540+09:00  INFO 24492 --- [    Test worker] o.h.b.i.BytecodeProviderInitiator        : HHH000021: Bytecode provider name : bytebuddy
2023-09-13T01:10:31.684+09:00  INFO 24492 --- [    Test worker] o.s.o.j.p.SpringPersistenceUnitInfo      : No LoadTimeWeaver setup: ignoring JPA class transformer
2023-09-13T01:10:31.748+09:00 DEBUG 24492 --- [    Test worker] o.h.t.d.jdbc.spi.JdbcTypeRegistry        : addDescriptor(NCharTypeDescriptor) replaced previous registration(CharTypeDescriptor)
2023-09-13T01:10:31.749+09:00 DEBUG 24492 --- [    Test worker] o.h.t.d.jdbc.spi.JdbcTypeRegistry        : addDescriptor(NVarcharTypeDescriptor) replaced previous registration(VarcharTypeDescriptor)
2023-09-13T01:10:31.749+09:00 DEBUG 24492 --- [    Test worker] o.h.t.d.jdbc.spi.JdbcTypeRegistry        : addDescriptor(LongNVarcharTypeDescriptor) replaced previous registration(LongVarcharTypeDescriptor)
2023-09-13T01:10:31.751+09:00 DEBUG 24492 --- [    Test worker] o.h.t.d.jdbc.spi.JdbcTypeRegistry        : addDescriptor(NClobTypeDescriptor(DEFAULT)) replaced previous registration(ClobTypeDescriptor(DEFAULT))
2023-09-13T01:10:31.751+09:00 DEBUG 24492 --- [    Test worker] o.h.t.d.jdbc.spi.JdbcTypeRegistry        : addDescriptor(2005, ClobTypeDescriptor(STREAM_BINDING)) replaced previous registration(ClobTypeDescriptor(DEFAULT))
2023-09-13T01:10:31.753+09:00 DEBUG 24492 --- [    Test worker] o.h.t.d.jdbc.spi.JdbcTypeRegistry        : addDescriptor(TimestampUtcDescriptor) replaced previous registration(TimestampUtcDescriptor)
2023-09-13T01:10:31.754+09:00 DEBUG 24492 --- [    Test worker] o.h.t.d.jdbc.spi.JdbcTypeRegistry        : addDescriptor(3100, NumericTypeDescriptor) replaced previous registration(org.hibernate.dialect.H2DurationIntervalSecondJdbcType@32d22650)
2023-09-13T01:10:31.758+09:00 DEBUG 24492 --- [    Test worker] o.h.type.spi.TypeConfiguration$Scope     : Scoping TypeConfiguration [org.hibernate.type.spi.TypeConfiguration@636fccb0] to MetadataBuildingContext [org.hibernate.boot.internal.MetadataBuildingContextRootImpl@28519bfb]
2023-09-13T01:10:31.992+09:00  INFO 24492 --- [    Test worker] p6spy                                    : #1694535031992 | took 5ms | statement | connection 2| url jdbc:h2:mem:da0038ed-8825-4095-ace3-df862067e79b
select * from INFORMATION_SCHEMA.SEQUENCES
select * from INFORMATION_SCHEMA.SEQUENCES;
2023-09-13T01:10:32.005+09:00  INFO 24492 --- [    Test worker] o.h.b.i.BytecodeProviderInitiator        : HHH000021: Bytecode provider name : bytebuddy
2023-09-13T01:10:32.662+09:00  INFO 24492 --- [    Test worker] o.h.e.t.j.p.i.JtaPlatformInitiator       : HHH000490: Using JtaPlatform implementation: [org.hibernate.engine.transaction.jta.platform.internal.NoJtaPlatform]
2023-09-13T01:10:32.663+09:00 DEBUG 24492 --- [    Test worker] o.h.type.spi.TypeConfiguration$Scope     : Scoping TypeConfiguration [org.hibernate.type.spi.TypeConfiguration@636fccb0] to SessionFactoryImplementor [org.hibernate.internal.SessionFactoryImpl@42095996]
2023-09-13T01:10:32.681+09:00  INFO 24492 --- [    Test worker] p6spy                                    : #1694535032681 | took 0ms | statement | connection 3| url jdbc:h2:mem:da0038ed-8825-4095-ace3-df862067e79b
drop table if exists category cascade 
drop table if exists category cascade ;
2023-09-13T01:10:32.681+09:00  INFO 24492 --- [    Test worker] p6spy                                    : #1694535032681 | took 0ms | statement | connection 3| url jdbc:h2:mem:da0038ed-8825-4095-ace3-df862067e79b
drop table if exists category_item cascade 
drop table if exists category_item cascade ;
2023-09-13T01:10:32.681+09:00  INFO 24492 --- [    Test worker] p6spy                                    : #1694535032681 | took 0ms | statement | connection 3| url jdbc:h2:mem:da0038ed-8825-4095-ace3-df862067e79b
drop table if exists delivery cascade 
drop table if exists delivery cascade ;
2023-09-13T01:10:32.681+09:00  INFO 24492 --- [    Test worker] p6spy                                    : #1694535032681 | took 0ms | statement | connection 3| url jdbc:h2:mem:da0038ed-8825-4095-ace3-df862067e79b
drop table if exists item cascade 
drop table if exists item cascade ;
2023-09-13T01:10:32.682+09:00  INFO 24492 --- [    Test worker] p6spy                                    : #1694535032682 | took 0ms | statement | connection 3| url jdbc:h2:mem:da0038ed-8825-4095-ace3-df862067e79b
drop table if exists item_categories cascade 
drop table if exists item_categories cascade ;
2023-09-13T01:10:32.682+09:00  INFO 24492 --- [    Test worker] p6spy                                    : #1694535032682 | took 0ms | statement | connection 3| url jdbc:h2:mem:da0038ed-8825-4095-ace3-df862067e79b
drop table if exists member cascade 
drop table if exists member cascade ;
2023-09-13T01:10:32.682+09:00  INFO 24492 --- [    Test worker] p6spy                                    : #1694535032682 | took 0ms | statement | connection 3| url jdbc:h2:mem:da0038ed-8825-4095-ace3-df862067e79b
drop table if exists order_item cascade 
drop table if exists order_item cascade ;
2023-09-13T01:10:32.682+09:00  INFO 24492 --- [    Test worker] p6spy                                    : #1694535032682 | took 0ms | statement | connection 3| url jdbc:h2:mem:da0038ed-8825-4095-ace3-df862067e79b
drop table if exists orders cascade 
drop table if exists orders cascade ;
2023-09-13T01:10:32.682+09:00  INFO 24492 --- [    Test worker] p6spy                                    : #1694535032682 | took 0ms | statement | connection 3| url jdbc:h2:mem:da0038ed-8825-4095-ace3-df862067e79b
drop sequence if exists category_seq
drop sequence if exists category_seq;
2023-09-13T01:10:32.683+09:00  INFO 24492 --- [    Test worker] p6spy                                    : #1694535032683 | took 0ms | statement | connection 3| url jdbc:h2:mem:da0038ed-8825-4095-ace3-df862067e79b
drop sequence if exists delivery_seq
drop sequence if exists delivery_seq;
2023-09-13T01:10:32.683+09:00  INFO 24492 --- [    Test worker] p6spy                                    : #1694535032683 | took 0ms | statement | connection 3| url jdbc:h2:mem:da0038ed-8825-4095-ace3-df862067e79b
drop sequence if exists item_seq
drop sequence if exists item_seq;
2023-09-13T01:10:32.683+09:00  INFO 24492 --- [    Test worker] p6spy                                    : #1694535032683 | took 0ms | statement | connection 3| url jdbc:h2:mem:da0038ed-8825-4095-ace3-df862067e79b
drop sequence if exists member_seq
drop sequence if exists member_seq;
2023-09-13T01:10:32.683+09:00  INFO 24492 --- [    Test worker] p6spy                                    : #1694535032683 | took 0ms | statement | connection 3| url jdbc:h2:mem:da0038ed-8825-4095-ace3-df862067e79b
drop sequence if exists order_item_seq
drop sequence if exists order_item_seq;
2023-09-13T01:10:32.683+09:00  INFO 24492 --- [    Test worker] p6spy                                    : #1694535032683 | took 0ms | statement | connection 3| url jdbc:h2:mem:da0038ed-8825-4095-ace3-df862067e79b
drop sequence if exists orders_seq
drop sequence if exists orders_seq;
2023-09-13T01:10:32.689+09:00  INFO 24492 --- [    Test worker] p6spy                                    : #1694535032689 | took 1ms | statement | connection 4| url jdbc:h2:mem:da0038ed-8825-4095-ace3-df862067e79b
create sequence category_seq start with 1 increment by 50
create sequence category_seq start with 1 increment by 50;
2023-09-13T01:10:32.690+09:00  INFO 24492 --- [    Test worker] p6spy                                    : #1694535032690 | took 0ms | statement | connection 4| url jdbc:h2:mem:da0038ed-8825-4095-ace3-df862067e79b
create sequence delivery_seq start with 1 increment by 50
create sequence delivery_seq start with 1 increment by 50;
2023-09-13T01:10:32.690+09:00  INFO 24492 --- [    Test worker] p6spy                                    : #1694535032690 | took 0ms | statement | connection 4| url jdbc:h2:mem:da0038ed-8825-4095-ace3-df862067e79b
create sequence item_seq start with 1 increment by 50
create sequence item_seq start with 1 increment by 50;
2023-09-13T01:10:32.690+09:00  INFO 24492 --- [    Test worker] p6spy                                    : #1694535032690 | took 0ms | statement | connection 4| url jdbc:h2:mem:da0038ed-8825-4095-ace3-df862067e79b
create sequence member_seq start with 1 increment by 50
create sequence member_seq start with 1 increment by 50;
2023-09-13T01:10:32.690+09:00  INFO 24492 --- [    Test worker] p6spy                                    : #1694535032690 | took 0ms | statement | connection 4| url jdbc:h2:mem:da0038ed-8825-4095-ace3-df862067e79b
create sequence order_item_seq start with 1 increment by 50
create sequence order_item_seq start with 1 increment by 50;
2023-09-13T01:10:32.691+09:00  INFO 24492 --- [    Test worker] p6spy                                    : #1694535032691 | took 0ms | statement | connection 4| url jdbc:h2:mem:da0038ed-8825-4095-ace3-df862067e79b
create sequence orders_seq start with 1 increment by 50
create sequence orders_seq start with 1 increment by 50;
2023-09-13T01:10:32.695+09:00  INFO 24492 --- [    Test worker] p6spy                                    : #1694535032695 | took 3ms | statement | connection 4| url jdbc:h2:mem:da0038ed-8825-4095-ace3-df862067e79b
create table category (category_id bigint not null, parent_id bigint, name varchar(255), primary key (category_id))
create table category (category_id bigint not null, parent_id bigint, name varchar(255), primary key (category_id));
2023-09-13T01:10:32.696+09:00  INFO 24492 --- [    Test worker] p6spy                                    : #1694535032696 | took 0ms | statement | connection 4| url jdbc:h2:mem:da0038ed-8825-4095-ace3-df862067e79b
create table category_item (category_id bigint not null, item_id bigint not null)
create table category_item (category_id bigint not null, item_id bigint not null);
2023-09-13T01:10:32.697+09:00  INFO 24492 --- [    Test worker] p6spy                                    : #1694535032697 | took 1ms | statement | connection 4| url jdbc:h2:mem:da0038ed-8825-4095-ace3-df862067e79b
create table delivery (delivery_id bigint not null, city varchar(255), status varchar(255) check (status in ('READY','COMP')), street varchar(255), zipcode varchar(255), primary key (delivery_id))
create table delivery (delivery_id bigint not null, city varchar(255), status varchar(255) check (status in ('READY','COMP')), street varchar(255), zipcode varchar(255), primary key (delivery_id));
2023-09-13T01:10:32.698+09:00  INFO 24492 --- [    Test worker] p6spy                                    : #1694535032698 | took 0ms | statement | connection 4| url jdbc:h2:mem:da0038ed-8825-4095-ace3-df862067e79b
create table item (price integer not null, stock_quantity integer not null, item_id bigint not null, dtype varchar(31) not null, actor varchar(255), artist varchar(255), author varchar(255), director varchar(255), etc varchar(255), isbn varchar(255), name varchar(255), primary key (item_id))
create table item (price integer not null, stock_quantity integer not null, item_id bigint not null, dtype varchar(31) not null, actor varchar(255), artist varchar(255), author varchar(255), director varchar(255), etc varchar(255), isbn varchar(255), name varchar(255), primary key (item_id));
2023-09-13T01:10:32.698+09:00  INFO 24492 --- [    Test worker] p6spy                                    : #1694535032698 | took 0ms | statement | connection 4| url jdbc:h2:mem:da0038ed-8825-4095-ace3-df862067e79b
create table item_categories (categories_category_id bigint not null, item_item_id bigint not null)
create table item_categories (categories_category_id bigint not null, item_item_id bigint not null);
2023-09-13T01:10:32.699+09:00  INFO 24492 --- [    Test worker] p6spy                                    : #1694535032699 | took 0ms | statement | connection 4| url jdbc:h2:mem:da0038ed-8825-4095-ace3-df862067e79b
create table member (member_id bigint not null, city varchar(255), name varchar(255), street varchar(255), zipcode varchar(255), primary key (member_id))
create table member (member_id bigint not null, city varchar(255), name varchar(255), street varchar(255), zipcode varchar(255), primary key (member_id));
2023-09-13T01:10:32.700+09:00  INFO 24492 --- [    Test worker] p6spy                                    : #1694535032700 | took 0ms | statement | connection 4| url jdbc:h2:mem:da0038ed-8825-4095-ace3-df862067e79b
create table order_item (count integer not null, order_price integer not null, item_id bigint, order_id bigint, order_item_id bigint not null, primary key (order_item_id))
create table order_item (count integer not null, order_price integer not null, item_id bigint, order_id bigint, order_item_id bigint not null, primary key (order_item_id));
2023-09-13T01:10:32.702+09:00  INFO 24492 --- [    Test worker] p6spy                                    : #1694535032702 | took 1ms | statement | connection 4| url jdbc:h2:mem:da0038ed-8825-4095-ace3-df862067e79b
create table orders (delivery_id bigint unique, member_id bigint, order_date timestamp(6), order_id bigint not null, status varchar(255) check (status in ('ORDER','CANCEL')), primary key (order_id))
create table orders (delivery_id bigint unique, member_id bigint, order_date timestamp(6), order_id bigint not null, status varchar(255) check (status in ('ORDER','CANCEL')), primary key (order_id));
2023-09-13T01:10:32.707+09:00  INFO 24492 --- [    Test worker] p6spy                                    : #1694535032707 | took 3ms | statement | connection 4| url jdbc:h2:mem:da0038ed-8825-4095-ace3-df862067e79b
alter table if exists category add constraint FK2y94svpmqttx80mshyny85wqr foreign key (parent_id) references category
alter table if exists category add constraint FK2y94svpmqttx80mshyny85wqr foreign key (parent_id) references category;
2023-09-13T01:10:32.708+09:00  INFO 24492 --- [    Test worker] p6spy                                    : #1694535032708 | took 0ms | statement | connection 4| url jdbc:h2:mem:da0038ed-8825-4095-ace3-df862067e79b
alter table if exists category_item add constraint FKu8b4lwqutcdq3363gf6mlujq foreign key (item_id) references item
alter table if exists category_item add constraint FKu8b4lwqutcdq3363gf6mlujq foreign key (item_id) references item;
2023-09-13T01:10:32.709+09:00  INFO 24492 --- [    Test worker] p6spy                                    : #1694535032709 | took 0ms | statement | connection 4| url jdbc:h2:mem:da0038ed-8825-4095-ace3-df862067e79b
alter table if exists category_item add constraint FKcq2n0opf5shyh84ex1fhukcbh foreign key (category_id) references category
alter table if exists category_item add constraint FKcq2n0opf5shyh84ex1fhukcbh foreign key (category_id) references category;
2023-09-13T01:10:32.710+09:00  INFO 24492 --- [    Test worker] p6spy                                    : #1694535032710 | took 0ms | statement | connection 4| url jdbc:h2:mem:da0038ed-8825-4095-ace3-df862067e79b
alter table if exists item_categories add constraint FKhgp0fm3rhrb2caoy2hrp6ohwk foreign key (categories_category_id) references category
alter table if exists item_categories add constraint FKhgp0fm3rhrb2caoy2hrp6ohwk foreign key (categories_category_id) references category;
2023-09-13T01:10:32.710+09:00  INFO 24492 --- [    Test worker] p6spy                                    : #1694535032710 | took 0ms | statement | connection 4| url jdbc:h2:mem:da0038ed-8825-4095-ace3-df862067e79b
alter table if exists item_categories add constraint FKklmxti1bqx64754w2f63tqvki foreign key (item_item_id) references item
alter table if exists item_categories add constraint FKklmxti1bqx64754w2f63tqvki foreign key (item_item_id) references item;
2023-09-13T01:10:32.711+09:00  INFO 24492 --- [    Test worker] p6spy                                    : #1694535032711 | took 0ms | statement | connection 4| url jdbc:h2:mem:da0038ed-8825-4095-ace3-df862067e79b
alter table if exists order_item add constraint FKija6hjjiit8dprnmvtvgdp6ru foreign key (item_id) references item
alter table if exists order_item add constraint FKija6hjjiit8dprnmvtvgdp6ru foreign key (item_id) references item;
2023-09-13T01:10:32.713+09:00  INFO 24492 --- [    Test worker] p6spy                                    : #1694535032713 | took 1ms | statement | connection 4| url jdbc:h2:mem:da0038ed-8825-4095-ace3-df862067e79b
alter table if exists order_item add constraint FKt4dc2r9nbvbujrljv3e23iibt foreign key (order_id) references orders
alter table if exists order_item add constraint FKt4dc2r9nbvbujrljv3e23iibt foreign key (order_id) references orders;
2023-09-13T01:10:32.714+09:00  INFO 24492 --- [    Test worker] p6spy                                    : #1694535032714 | took 0ms | statement | connection 4| url jdbc:h2:mem:da0038ed-8825-4095-ace3-df862067e79b
alter table if exists orders add constraint FKtkrur7wg4d8ax0pwgo0vmy20c foreign key (delivery_id) references delivery
alter table if exists orders add constraint FKtkrur7wg4d8ax0pwgo0vmy20c foreign key (delivery_id) references delivery;
2023-09-13T01:10:32.715+09:00  INFO 24492 --- [    Test worker] p6spy                                    : #1694535032715 | took 0ms | statement | connection 4| url jdbc:h2:mem:da0038ed-8825-4095-ace3-df862067e79b
alter table if exists orders add constraint FKpktxwhj3x9m4gth5ff6bkqgeb foreign key (member_id) references member
alter table if exists orders add constraint FKpktxwhj3x9m4gth5ff6bkqgeb foreign key (member_id) references member;
2023-09-13T01:10:32.718+09:00 TRACE 24492 --- [    Test worker] o.h.type.spi.TypeConfiguration$Scope     : Handling #sessionFactoryCreated from [org.hibernate.internal.SessionFactoryImpl@42095996] for TypeConfiguration
2023-09-13T01:10:32.719+09:00  INFO 24492 --- [    Test worker] j.LocalContainerEntityManagerFactoryBean : Initialized JPA EntityManagerFactory for persistence unit 'default'
2023-09-13T01:10:32.877+09:00  WARN 24492 --- [    Test worker] JpaBaseConfiguration$JpaWebConfiguration : spring.jpa.open-in-view is enabled by default. Therefore, database queries may be performed during view rendering. Explicitly configure spring.jpa.open-in-view to disable this warning
2023-09-13T01:10:33.039+09:00  INFO 24492 --- [    Test worker] o.s.b.a.w.s.WelcomePageHandlerMapping    : Adding welcome page: class path resource [static/index.html]
2023-09-13T01:10:33.183+09:00  INFO 24492 --- [    Test worker] c.e.s.Service.MemberServiceTest          : Started MemberServiceTest in 3.235 seconds (process running for 4.215)
2023-09-13T01:10:33.911+09:00  INFO 24492 --- [    Test worker] p6spy                                    : #1694535033911 | took 0ms | statement | connection 5| url jdbc:h2:mem:da0038ed-8825-4095-ace3-df862067e79b
select m1_0.member_id,m1_0.city,m1_0.street,m1_0.zipcode,m1_0.name from member m1_0 where m1_0.name=?
select m1_0.member_id,m1_0.city,m1_0.street,m1_0.zipcode,m1_0.name from member m1_0 where m1_0.name='kim';
2023-09-13T01:10:33.921+09:00  INFO 24492 --- [    Test worker] p6spy                                    : #1694535033921 | took 1ms | statement | connection 5| url jdbc:h2:mem:da0038ed-8825-4095-ace3-df862067e79b
select next value for member_seq
select next value for member_seq;
2023-09-13T01:10:33.953+09:00  INFO 24492 --- [    Test worker] p6spy                                    : #1694535033953 | took 0ms | rollback | connection 5| url jdbc:h2:mem:da0038ed-8825-4095-ace3-df862067e79b

;
]]></system-out>
  <system-err><![CDATA[]]></system-err>
</testsuite>
