<?xml version="1.0" encoding="UTF-8"?>
<testsuite name="com.example.spring_shopping.MemberRepositoryTest" tests="1" skipped="0" failures="0" errors="0" timestamp="2023-09-09T15:25:49" hostname="DESKTOP-KOT2UBJ" time="0.494">
  <properties/>
  <testcase name="testMember()" classname="com.example.spring_shopping.MemberRepositoryTest" time="0.494"/>
  <system-out><![CDATA[00:25:46.177 [Test worker] INFO org.springframework.test.context.support.AnnotationConfigContextLoaderUtils -- Could not detect default configuration classes for test class [com.example.spring_shopping.MemberRepositoryTest]: MemberRepositoryTest does not declare any static, non-private, non-final, nested classes annotated with @Configuration.
00:25:46.260 [Test worker] INFO org.springframework.boot.test.context.SpringBootTestContextBootstrapper -- Found @SpringBootConfiguration com.example.spring_shopping.SpringShoppingApplication for test class com.example.spring_shopping.MemberRepositoryTest

  .   ____          _            __ _ _
 /\\ / ___'_ __ _ _(_)_ __  __ _ \ \ \ \
( ( )\___ | '_ | '_| | '_ \/ _` | \ \ \ \
 \\/  ___)| |_)| | | | | || (_| |  ) ) ) )
  '  |____| .__|_| |_|_| |_\__, | / / / /
 =========|_|==============|___/=/_/_/_/
 :: Spring Boot ::                (v3.1.3)

2023-09-10T00:25:46.617+09:00  INFO 7744 --- [    Test worker] c.e.s.MemberRepositoryTest               : Starting MemberRepositoryTest using Java 17.0.7 with PID 7744 (started by znzn1 in C:\Users\znzn1\Desktop\Sptring_shopping)
2023-09-10T00:25:46.618+09:00  INFO 7744 --- [    Test worker] c.e.s.MemberRepositoryTest               : No active profile set, falling back to 1 default profile: "default"
2023-09-10T00:25:47.074+09:00  INFO 7744 --- [    Test worker] .s.d.r.c.RepositoryConfigurationDelegate : Bootstrapping Spring Data JPA repositories in DEFAULT mode.
2023-09-10T00:25:47.095+09:00  INFO 7744 --- [    Test worker] .s.d.r.c.RepositoryConfigurationDelegate : Finished Spring Data repository scanning in 13 ms. Found 0 JPA repository interfaces.
2023-09-10T00:25:47.524+09:00  INFO 7744 --- [    Test worker] o.hibernate.jpa.internal.util.LogHelper  : HHH000204: Processing PersistenceUnitInfo [name: default]
2023-09-10T00:25:47.582+09:00  INFO 7744 --- [    Test worker] org.hibernate.Version                    : HHH000412: Hibernate ORM core version 6.2.7.Final
2023-09-10T00:25:47.585+09:00  INFO 7744 --- [    Test worker] org.hibernate.cfg.Environment            : HHH000406: Using bytecode reflection optimizer
2023-09-10T00:25:47.703+09:00 DEBUG 7744 --- [    Test worker] org.hibernate.type.BasicTypeRegistry     : Adding type registration boolean -> org.hibernate.type.BasicTypeReference@573aeab2
2023-09-10T00:25:47.703+09:00 DEBUG 7744 --- [    Test worker] org.hibernate.type.BasicTypeRegistry     : Adding type registration boolean -> org.hibernate.type.BasicTypeReference@573aeab2
2023-09-10T00:25:47.703+09:00 DEBUG 7744 --- [    Test worker] org.hibernate.type.BasicTypeRegistry     : Adding type registration java.lang.Boolean -> org.hibernate.type.BasicTypeReference@573aeab2
2023-09-10T00:25:47.703+09:00 DEBUG 7744 --- [    Test worker] org.hibernate.type.BasicTypeRegistry     : Adding type registration numeric_boolean -> org.hibernate.type.BasicTypeReference@1304e0d7
2023-09-10T00:25:47.703+09:00 DEBUG 7744 --- [    Test worker] org.hibernate.type.BasicTypeRegistry     : Adding type registration org.hibernate.type.NumericBooleanConverter -> org.hibernate.type.BasicTypeReference@1304e0d7
2023-09-10T00:25:47.703+09:00 DEBUG 7744 --- [    Test worker] org.hibernate.type.BasicTypeRegistry     : Adding type registration true_false -> org.hibernate.type.BasicTypeReference@6ddc67d0
2023-09-10T00:25:47.703+09:00 DEBUG 7744 --- [    Test worker] org.hibernate.type.BasicTypeRegistry     : Adding type registration org.hibernate.type.TrueFalseConverter -> org.hibernate.type.BasicTypeReference@6ddc67d0
2023-09-10T00:25:47.703+09:00 DEBUG 7744 --- [    Test worker] org.hibernate.type.BasicTypeRegistry     : Adding type registration yes_no -> org.hibernate.type.BasicTypeReference@7767bd4e
2023-09-10T00:25:47.703+09:00 DEBUG 7744 --- [    Test worker] org.hibernate.type.BasicTypeRegistry     : Adding type registration org.hibernate.type.YesNoConverter -> org.hibernate.type.BasicTypeReference@7767bd4e
2023-09-10T00:25:47.703+09:00 DEBUG 7744 --- [    Test worker] org.hibernate.type.BasicTypeRegistry     : Adding type registration byte -> org.hibernate.type.BasicTypeReference@7708b66a
2023-09-10T00:25:47.703+09:00 DEBUG 7744 --- [    Test worker] org.hibernate.type.BasicTypeRegistry     : Adding type registration byte -> org.hibernate.type.BasicTypeReference@7708b66a
2023-09-10T00:25:47.704+09:00 DEBUG 7744 --- [    Test worker] org.hibernate.type.BasicTypeRegistry     : Adding type registration java.lang.Byte -> org.hibernate.type.BasicTypeReference@7708b66a
2023-09-10T00:25:47.704+09:00 DEBUG 7744 --- [    Test worker] org.hibernate.type.BasicTypeRegistry     : Adding type registration binary -> org.hibernate.type.BasicTypeReference@433ef204
2023-09-10T00:25:47.704+09:00 DEBUG 7744 --- [    Test worker] org.hibernate.type.BasicTypeRegistry     : Adding type registration byte[] -> org.hibernate.type.BasicTypeReference@433ef204
2023-09-10T00:25:47.704+09:00 DEBUG 7744 --- [    Test worker] org.hibernate.type.BasicTypeRegistry     : Adding type registration [B -> org.hibernate.type.BasicTypeReference@433ef204
2023-09-10T00:25:47.704+09:00 DEBUG 7744 --- [    Test worker] org.hibernate.type.BasicTypeRegistry     : Adding type registration binary_wrapper -> org.hibernate.type.BasicTypeReference@359ceb13
2023-09-10T00:25:47.704+09:00 DEBUG 7744 --- [    Test worker] org.hibernate.type.BasicTypeRegistry     : Adding type registration wrapper-binary -> org.hibernate.type.BasicTypeReference@359ceb13
2023-09-10T00:25:47.704+09:00 DEBUG 7744 --- [    Test worker] org.hibernate.type.BasicTypeRegistry     : Adding type registration image -> org.hibernate.type.BasicTypeReference@1068176
2023-09-10T00:25:47.704+09:00 DEBUG 7744 --- [    Test worker] org.hibernate.type.BasicTypeRegistry     : Adding type registration blob -> org.hibernate.type.BasicTypeReference@5bf4764d
2023-09-10T00:25:47.704+09:00 DEBUG 7744 --- [    Test worker] org.hibernate.type.BasicTypeRegistry     : Adding type registration java.sql.Blob -> org.hibernate.type.BasicTypeReference@5bf4764d
2023-09-10T00:25:47.704+09:00 DEBUG 7744 --- [    Test worker] org.hibernate.type.BasicTypeRegistry     : Adding type registration materialized_blob -> org.hibernate.type.BasicTypeReference@71789580
2023-09-10T00:25:47.705+09:00 DEBUG 7744 --- [    Test worker] org.hibernate.type.BasicTypeRegistry     : Adding type registration materialized_blob_wrapper -> org.hibernate.type.BasicTypeReference@23ee2ccf
2023-09-10T00:25:47.705+09:00 DEBUG 7744 --- [    Test worker] org.hibernate.type.BasicTypeRegistry     : Adding type registration short -> org.hibernate.type.BasicTypeReference@165614f5
2023-09-10T00:25:47.705+09:00 DEBUG 7744 --- [    Test worker] org.hibernate.type.BasicTypeRegistry     : Adding type registration short -> org.hibernate.type.BasicTypeReference@165614f5
2023-09-10T00:25:47.705+09:00 DEBUG 7744 --- [    Test worker] org.hibernate.type.BasicTypeRegistry     : Adding type registration java.lang.Short -> org.hibernate.type.BasicTypeReference@165614f5
2023-09-10T00:25:47.705+09:00 DEBUG 7744 --- [    Test worker] org.hibernate.type.BasicTypeRegistry     : Adding type registration integer -> org.hibernate.type.BasicTypeReference@6e685e6c
2023-09-10T00:25:47.705+09:00 DEBUG 7744 --- [    Test worker] org.hibernate.type.BasicTypeRegistry     : Adding type registration int -> org.hibernate.type.BasicTypeReference@6e685e6c
2023-09-10T00:25:47.705+09:00 DEBUG 7744 --- [    Test worker] org.hibernate.type.BasicTypeRegistry     : Adding type registration java.lang.Integer -> org.hibernate.type.BasicTypeReference@6e685e6c
2023-09-10T00:25:47.705+09:00 DEBUG 7744 --- [    Test worker] org.hibernate.type.BasicTypeRegistry     : Adding type registration long -> org.hibernate.type.BasicTypeReference@5b0902b4
2023-09-10T00:25:47.705+09:00 DEBUG 7744 --- [    Test worker] org.hibernate.type.BasicTypeRegistry     : Adding type registration long -> org.hibernate.type.BasicTypeReference@5b0902b4
2023-09-10T00:25:47.705+09:00 DEBUG 7744 --- [    Test worker] org.hibernate.type.BasicTypeRegistry     : Adding type registration java.lang.Long -> org.hibernate.type.BasicTypeReference@5b0902b4
2023-09-10T00:25:47.705+09:00 DEBUG 7744 --- [    Test worker] org.hibernate.type.BasicTypeRegistry     : Adding type registration float -> org.hibernate.type.BasicTypeReference@9d3d54e
2023-09-10T00:25:47.705+09:00 DEBUG 7744 --- [    Test worker] org.hibernate.type.BasicTypeRegistry     : Adding type registration float -> org.hibernate.type.BasicTypeReference@9d3d54e
2023-09-10T00:25:47.705+09:00 DEBUG 7744 --- [    Test worker] org.hibernate.type.BasicTypeRegistry     : Adding type registration java.lang.Float -> org.hibernate.type.BasicTypeReference@9d3d54e
2023-09-10T00:25:47.705+09:00 DEBUG 7744 --- [    Test worker] org.hibernate.type.BasicTypeRegistry     : Adding type registration double -> org.hibernate.type.BasicTypeReference@2f04993d
2023-09-10T00:25:47.705+09:00 DEBUG 7744 --- [    Test worker] org.hibernate.type.BasicTypeRegistry     : Adding type registration double -> org.hibernate.type.BasicTypeReference@2f04993d
2023-09-10T00:25:47.705+09:00 DEBUG 7744 --- [    Test worker] org.hibernate.type.BasicTypeRegistry     : Adding type registration java.lang.Double -> org.hibernate.type.BasicTypeReference@2f04993d
2023-09-10T00:25:47.706+09:00 DEBUG 7744 --- [    Test worker] org.hibernate.type.BasicTypeRegistry     : Adding type registration big_integer -> org.hibernate.type.BasicTypeReference@333398f
2023-09-10T00:25:47.706+09:00 DEBUG 7744 --- [    Test worker] org.hibernate.type.BasicTypeRegistry     : Adding type registration java.math.BigInteger -> org.hibernate.type.BasicTypeReference@333398f
2023-09-10T00:25:47.706+09:00 DEBUG 7744 --- [    Test worker] org.hibernate.type.BasicTypeRegistry     : Adding type registration big_decimal -> org.hibernate.type.BasicTypeReference@103c97ff
2023-09-10T00:25:47.706+09:00 DEBUG 7744 --- [    Test worker] org.hibernate.type.BasicTypeRegistry     : Adding type registration java.math.BigDecimal -> org.hibernate.type.BasicTypeReference@103c97ff
2023-09-10T00:25:47.706+09:00 DEBUG 7744 --- [    Test worker] org.hibernate.type.BasicTypeRegistry     : Adding type registration character -> org.hibernate.type.BasicTypeReference@7d25913
2023-09-10T00:25:47.706+09:00 DEBUG 7744 --- [    Test worker] org.hibernate.type.BasicTypeRegistry     : Adding type registration char -> org.hibernate.type.BasicTypeReference@7d25913
2023-09-10T00:25:47.706+09:00 DEBUG 7744 --- [    Test worker] org.hibernate.type.BasicTypeRegistry     : Adding type registration java.lang.Character -> org.hibernate.type.BasicTypeReference@7d25913
2023-09-10T00:25:47.706+09:00 DEBUG 7744 --- [    Test worker] org.hibernate.type.BasicTypeRegistry     : Adding type registration character_nchar -> org.hibernate.type.BasicTypeReference@c14e5a5
2023-09-10T00:25:47.706+09:00 DEBUG 7744 --- [    Test worker] org.hibernate.type.BasicTypeRegistry     : Adding type registration string -> org.hibernate.type.BasicTypeReference@16f15ae9
2023-09-10T00:25:47.706+09:00 DEBUG 7744 --- [    Test worker] org.hibernate.type.BasicTypeRegistry     : Adding type registration java.lang.String -> org.hibernate.type.BasicTypeReference@16f15ae9
2023-09-10T00:25:47.706+09:00 DEBUG 7744 --- [    Test worker] org.hibernate.type.BasicTypeRegistry     : Adding type registration nstring -> org.hibernate.type.BasicTypeReference@6206b4a7
2023-09-10T00:25:47.707+09:00 DEBUG 7744 --- [    Test worker] org.hibernate.type.BasicTypeRegistry     : Adding type registration characters -> org.hibernate.type.BasicTypeReference@77896335
2023-09-10T00:25:47.707+09:00 DEBUG 7744 --- [    Test worker] org.hibernate.type.BasicTypeRegistry     : Adding type registration char[] -> org.hibernate.type.BasicTypeReference@77896335
2023-09-10T00:25:47.707+09:00 DEBUG 7744 --- [    Test worker] org.hibernate.type.BasicTypeRegistry     : Adding type registration [C -> org.hibernate.type.BasicTypeReference@77896335
2023-09-10T00:25:47.707+09:00 DEBUG 7744 --- [    Test worker] org.hibernate.type.BasicTypeRegistry     : Adding type registration wrapper-characters -> org.hibernate.type.BasicTypeReference@5c1b89ac
2023-09-10T00:25:47.707+09:00 DEBUG 7744 --- [    Test worker] org.hibernate.type.BasicTypeRegistry     : Adding type registration text -> org.hibernate.type.BasicTypeReference@40a1b6d4
2023-09-10T00:25:47.707+09:00 DEBUG 7744 --- [    Test worker] org.hibernate.type.BasicTypeRegistry     : Adding type registration ntext -> org.hibernate.type.BasicTypeReference@175581eb
2023-09-10T00:25:47.707+09:00 DEBUG 7744 --- [    Test worker] org.hibernate.type.BasicTypeRegistry     : Adding type registration clob -> org.hibernate.type.BasicTypeReference@2b79c8ff
2023-09-10T00:25:47.707+09:00 DEBUG 7744 --- [    Test worker] org.hibernate.type.BasicTypeRegistry     : Adding type registration java.sql.Clob -> org.hibernate.type.BasicTypeReference@2b79c8ff
2023-09-10T00:25:47.707+09:00 DEBUG 7744 --- [    Test worker] org.hibernate.type.BasicTypeRegistry     : Adding type registration nclob -> org.hibernate.type.BasicTypeReference@2baf72d5
2023-09-10T00:25:47.707+09:00 DEBUG 7744 --- [    Test worker] org.hibernate.type.BasicTypeRegistry     : Adding type registration java.sql.NClob -> org.hibernate.type.BasicTypeReference@2baf72d5
2023-09-10T00:25:47.707+09:00 DEBUG 7744 --- [    Test worker] org.hibernate.type.BasicTypeRegistry     : Adding type registration materialized_clob -> org.hibernate.type.BasicTypeReference@66756662
2023-09-10T00:25:47.708+09:00 DEBUG 7744 --- [    Test worker] org.hibernate.type.BasicTypeRegistry     : Adding type registration materialized_clob_char_array -> org.hibernate.type.BasicTypeReference@5d14e99e
2023-09-10T00:25:47.708+09:00 DEBUG 7744 --- [    Test worker] org.hibernate.type.BasicTypeRegistry     : Adding type registration materialized_clob_character_array -> org.hibernate.type.BasicTypeReference@38cfecf3
2023-09-10T00:25:47.708+09:00 DEBUG 7744 --- [    Test worker] org.hibernate.type.BasicTypeRegistry     : Adding type registration materialized_nclob -> org.hibernate.type.BasicTypeReference@682618e5
2023-09-10T00:25:47.708+09:00 DEBUG 7744 --- [    Test worker] org.hibernate.type.BasicTypeRegistry     : Adding type registration materialized_nclob_character_array -> org.hibernate.type.BasicTypeReference@25ad25f5
2023-09-10T00:25:47.708+09:00 DEBUG 7744 --- [    Test worker] org.hibernate.type.BasicTypeRegistry     : Adding type registration materialized_nclob_char_array -> org.hibernate.type.BasicTypeReference@5f0f70c7
2023-09-10T00:25:47.708+09:00 DEBUG 7744 --- [    Test worker] org.hibernate.type.BasicTypeRegistry     : Adding type registration Duration -> org.hibernate.type.BasicTypeReference@1860a7a1
2023-09-10T00:25:47.708+09:00 DEBUG 7744 --- [    Test worker] org.hibernate.type.BasicTypeRegistry     : Adding type registration java.time.Duration -> org.hibernate.type.BasicTypeReference@1860a7a1
2023-09-10T00:25:47.708+09:00 DEBUG 7744 --- [    Test worker] org.hibernate.type.BasicTypeRegistry     : Adding type registration LocalDateTime -> org.hibernate.type.BasicTypeReference@40d96578
2023-09-10T00:25:47.708+09:00 DEBUG 7744 --- [    Test worker] org.hibernate.type.BasicTypeRegistry     : Adding type registration java.time.LocalDateTime -> org.hibernate.type.BasicTypeReference@40d96578
2023-09-10T00:25:47.708+09:00 DEBUG 7744 --- [    Test worker] org.hibernate.type.BasicTypeRegistry     : Adding type registration LocalDate -> org.hibernate.type.BasicTypeReference@c97721b
2023-09-10T00:25:47.708+09:00 DEBUG 7744 --- [    Test worker] org.hibernate.type.BasicTypeRegistry     : Adding type registration java.time.LocalDate -> org.hibernate.type.BasicTypeReference@c97721b
2023-09-10T00:25:47.708+09:00 DEBUG 7744 --- [    Test worker] org.hibernate.type.BasicTypeRegistry     : Adding type registration LocalTime -> org.hibernate.type.BasicTypeReference@283ab206
2023-09-10T00:25:47.708+09:00 DEBUG 7744 --- [    Test worker] org.hibernate.type.BasicTypeRegistry     : Adding type registration java.time.LocalTime -> org.hibernate.type.BasicTypeReference@283ab206
2023-09-10T00:25:47.708+09:00 DEBUG 7744 --- [    Test worker] org.hibernate.type.BasicTypeRegistry     : Adding type registration OffsetDateTime -> org.hibernate.type.BasicTypeReference@35fa450f
2023-09-10T00:25:47.708+09:00 DEBUG 7744 --- [    Test worker] org.hibernate.type.BasicTypeRegistry     : Adding type registration java.time.OffsetDateTime -> org.hibernate.type.BasicTypeReference@35fa450f
2023-09-10T00:25:47.709+09:00 DEBUG 7744 --- [    Test worker] org.hibernate.type.BasicTypeRegistry     : Adding type registration OffsetDateTimeWithTimezone -> org.hibernate.type.BasicTypeReference@3e03046d
2023-09-10T00:25:47.709+09:00 DEBUG 7744 --- [    Test worker] org.hibernate.type.BasicTypeRegistry     : Adding type registration OffsetDateTimeWithoutTimezone -> org.hibernate.type.BasicTypeReference@9b3be1c
2023-09-10T00:25:47.709+09:00 DEBUG 7744 --- [    Test worker] org.hibernate.type.BasicTypeRegistry     : Adding type registration OffsetTime -> org.hibernate.type.BasicTypeReference@74e497ae
2023-09-10T00:25:47.709+09:00 DEBUG 7744 --- [    Test worker] org.hibernate.type.BasicTypeRegistry     : Adding type registration java.time.OffsetTime -> org.hibernate.type.BasicTypeReference@74e497ae
2023-09-10T00:25:47.709+09:00 DEBUG 7744 --- [    Test worker] org.hibernate.type.BasicTypeRegistry     : Adding type registration OffsetTimeUtc -> org.hibernate.type.BasicTypeReference@13516600
2023-09-10T00:25:47.709+09:00 DEBUG 7744 --- [    Test worker] org.hibernate.type.BasicTypeRegistry     : Adding type registration OffsetTimeWithTimezone -> org.hibernate.type.BasicTypeReference@35d7386b
2023-09-10T00:25:47.709+09:00 DEBUG 7744 --- [    Test worker] org.hibernate.type.BasicTypeRegistry     : Adding type registration OffsetTimeWithoutTimezone -> org.hibernate.type.BasicTypeReference@21002393
2023-09-10T00:25:47.709+09:00 DEBUG 7744 --- [    Test worker] org.hibernate.type.BasicTypeRegistry     : Adding type registration ZonedDateTime -> org.hibernate.type.BasicTypeReference@718989fa
2023-09-10T00:25:47.709+09:00 DEBUG 7744 --- [    Test worker] org.hibernate.type.BasicTypeRegistry     : Adding type registration java.time.ZonedDateTime -> org.hibernate.type.BasicTypeReference@718989fa
2023-09-10T00:25:47.709+09:00 DEBUG 7744 --- [    Test worker] org.hibernate.type.BasicTypeRegistry     : Adding type registration ZonedDateTimeWithTimezone -> org.hibernate.type.BasicTypeReference@69f080ad
2023-09-10T00:25:47.709+09:00 DEBUG 7744 --- [    Test worker] org.hibernate.type.BasicTypeRegistry     : Adding type registration ZonedDateTimeWithoutTimezone -> org.hibernate.type.BasicTypeReference@6568f998
2023-09-10T00:25:47.709+09:00 DEBUG 7744 --- [    Test worker] org.hibernate.type.BasicTypeRegistry     : Adding type registration date -> org.hibernate.type.BasicTypeReference@45d4421d
2023-09-10T00:25:47.710+09:00 DEBUG 7744 --- [    Test worker] org.hibernate.type.BasicTypeRegistry     : Adding type registration java.sql.Date -> org.hibernate.type.BasicTypeReference@45d4421d
2023-09-10T00:25:47.710+09:00 DEBUG 7744 --- [    Test worker] org.hibernate.type.BasicTypeRegistry     : Adding type registration time -> org.hibernate.type.BasicTypeReference@782fd504
2023-09-10T00:25:47.710+09:00 DEBUG 7744 --- [    Test worker] org.hibernate.type.BasicTypeRegistry     : Adding type registration java.sql.Time -> org.hibernate.type.BasicTypeReference@782fd504
2023-09-10T00:25:47.710+09:00 DEBUG 7744 --- [    Test worker] org.hibernate.type.BasicTypeRegistry     : Adding type registration timestamp -> org.hibernate.type.BasicTypeReference@1537c744
2023-09-10T00:25:47.710+09:00 DEBUG 7744 --- [    Test worker] org.hibernate.type.BasicTypeRegistry     : Adding type registration java.sql.Timestamp -> org.hibernate.type.BasicTypeReference@1537c744
2023-09-10T00:25:47.710+09:00 DEBUG 7744 --- [    Test worker] org.hibernate.type.BasicTypeRegistry     : Adding type registration java.util.Date -> org.hibernate.type.BasicTypeReference@1537c744
2023-09-10T00:25:47.710+09:00 DEBUG 7744 --- [    Test worker] org.hibernate.type.BasicTypeRegistry     : Adding type registration calendar -> org.hibernate.type.BasicTypeReference@37314843
2023-09-10T00:25:47.710+09:00 DEBUG 7744 --- [    Test worker] org.hibernate.type.BasicTypeRegistry     : Adding type registration java.util.Calendar -> org.hibernate.type.BasicTypeReference@37314843
2023-09-10T00:25:47.710+09:00 DEBUG 7744 --- [    Test worker] org.hibernate.type.BasicTypeRegistry     : Adding type registration java.util.GregorianCalendar -> org.hibernate.type.BasicTypeReference@37314843
2023-09-10T00:25:47.710+09:00 DEBUG 7744 --- [    Test worker] org.hibernate.type.BasicTypeRegistry     : Adding type registration calendar_date -> org.hibernate.type.BasicTypeReference@50122012
2023-09-10T00:25:47.711+09:00 DEBUG 7744 --- [    Test worker] org.hibernate.type.BasicTypeRegistry     : Adding type registration calendar_time -> org.hibernate.type.BasicTypeReference@569348e1
2023-09-10T00:25:47.711+09:00 DEBUG 7744 --- [    Test worker] org.hibernate.type.BasicTypeRegistry     : Adding type registration instant -> org.hibernate.type.BasicTypeReference@7db5b890
2023-09-10T00:25:47.711+09:00 DEBUG 7744 --- [    Test worker] org.hibernate.type.BasicTypeRegistry     : Adding type registration java.time.Instant -> org.hibernate.type.BasicTypeReference@7db5b890
2023-09-10T00:25:47.711+09:00 DEBUG 7744 --- [    Test worker] org.hibernate.type.BasicTypeRegistry     : Adding type registration uuid -> org.hibernate.type.BasicTypeReference@407b8435
2023-09-10T00:25:47.711+09:00 DEBUG 7744 --- [    Test worker] org.hibernate.type.BasicTypeRegistry     : Adding type registration java.util.UUID -> org.hibernate.type.BasicTypeReference@407b8435
2023-09-10T00:25:47.711+09:00 DEBUG 7744 --- [    Test worker] org.hibernate.type.BasicTypeRegistry     : Adding type registration pg-uuid -> org.hibernate.type.BasicTypeReference@407b8435
2023-09-10T00:25:47.711+09:00 DEBUG 7744 --- [    Test worker] org.hibernate.type.BasicTypeRegistry     : Adding type registration uuid-binary -> org.hibernate.type.BasicTypeReference@1282e98
2023-09-10T00:25:47.711+09:00 DEBUG 7744 --- [    Test worker] org.hibernate.type.BasicTypeRegistry     : Adding type registration uuid-char -> org.hibernate.type.BasicTypeReference@4db0ba1c
2023-09-10T00:25:47.711+09:00 DEBUG 7744 --- [    Test worker] org.hibernate.type.BasicTypeRegistry     : Adding type registration class -> org.hibernate.type.BasicTypeReference@1d91fa02
2023-09-10T00:25:47.711+09:00 DEBUG 7744 --- [    Test worker] org.hibernate.type.BasicTypeRegistry     : Adding type registration java.lang.Class -> org.hibernate.type.BasicTypeReference@1d91fa02
2023-09-10T00:25:47.711+09:00 DEBUG 7744 --- [    Test worker] org.hibernate.type.BasicTypeRegistry     : Adding type registration currency -> org.hibernate.type.BasicTypeReference@1578fa9
2023-09-10T00:25:47.711+09:00 DEBUG 7744 --- [    Test worker] org.hibernate.type.BasicTypeRegistry     : Adding type registration Currency -> org.hibernate.type.BasicTypeReference@1578fa9
2023-09-10T00:25:47.711+09:00 DEBUG 7744 --- [    Test worker] org.hibernate.type.BasicTypeRegistry     : Adding type registration java.util.Currency -> org.hibernate.type.BasicTypeReference@1578fa9
2023-09-10T00:25:47.711+09:00 DEBUG 7744 --- [    Test worker] org.hibernate.type.BasicTypeRegistry     : Adding type registration locale -> org.hibernate.type.BasicTypeReference@414b2df5
2023-09-10T00:25:47.711+09:00 DEBUG 7744 --- [    Test worker] org.hibernate.type.BasicTypeRegistry     : Adding type registration java.util.Locale -> org.hibernate.type.BasicTypeReference@414b2df5
2023-09-10T00:25:47.711+09:00 DEBUG 7744 --- [    Test worker] org.hibernate.type.BasicTypeRegistry     : Adding type registration serializable -> org.hibernate.type.BasicTypeReference@9e30f9a
2023-09-10T00:25:47.711+09:00 DEBUG 7744 --- [    Test worker] org.hibernate.type.BasicTypeRegistry     : Adding type registration java.io.Serializable -> org.hibernate.type.BasicTypeReference@9e30f9a
2023-09-10T00:25:47.711+09:00 DEBUG 7744 --- [    Test worker] org.hibernate.type.BasicTypeRegistry     : Adding type registration timezone -> org.hibernate.type.BasicTypeReference@1b30a54e
2023-09-10T00:25:47.712+09:00 DEBUG 7744 --- [    Test worker] org.hibernate.type.BasicTypeRegistry     : Adding type registration java.util.TimeZone -> org.hibernate.type.BasicTypeReference@1b30a54e
2023-09-10T00:25:47.712+09:00 DEBUG 7744 --- [    Test worker] org.hibernate.type.BasicTypeRegistry     : Adding type registration ZoneOffset -> org.hibernate.type.BasicTypeReference@26275b46
2023-09-10T00:25:47.712+09:00 DEBUG 7744 --- [    Test worker] org.hibernate.type.BasicTypeRegistry     : Adding type registration java.time.ZoneOffset -> org.hibernate.type.BasicTypeReference@26275b46
2023-09-10T00:25:47.712+09:00 DEBUG 7744 --- [    Test worker] org.hibernate.type.BasicTypeRegistry     : Adding type registration url -> org.hibernate.type.BasicTypeReference@3e9beef2
2023-09-10T00:25:47.712+09:00 DEBUG 7744 --- [    Test worker] org.hibernate.type.BasicTypeRegistry     : Adding type registration java.net.URL -> org.hibernate.type.BasicTypeReference@3e9beef2
2023-09-10T00:25:47.712+09:00 DEBUG 7744 --- [    Test worker] org.hibernate.type.BasicTypeRegistry     : Adding type registration row_version -> org.hibernate.type.BasicTypeReference@2f15a964
2023-09-10T00:25:47.716+09:00 DEBUG 7744 --- [    Test worker] org.hibernate.type.BasicTypeRegistry     : Adding type registration object -> org.hibernate.type.JavaObjectType@18cf5c52
2023-09-10T00:25:47.716+09:00 DEBUG 7744 --- [    Test worker] org.hibernate.type.BasicTypeRegistry     : Adding type registration java.lang.Object -> org.hibernate.type.JavaObjectType@18cf5c52
2023-09-10T00:25:47.717+09:00 DEBUG 7744 --- [    Test worker] org.hibernate.type.BasicTypeRegistry     : Adding type registration null -> org.hibernate.type.NullType@5e99e2cb
2023-09-10T00:25:47.718+09:00 DEBUG 7744 --- [    Test worker] org.hibernate.type.BasicTypeRegistry     : Adding type registration imm_date -> org.hibernate.type.BasicTypeReference@76ac68b0
2023-09-10T00:25:47.718+09:00 DEBUG 7744 --- [    Test worker] org.hibernate.type.BasicTypeRegistry     : Adding type registration imm_time -> org.hibernate.type.BasicTypeReference@f559c74
2023-09-10T00:25:47.718+09:00 DEBUG 7744 --- [    Test worker] org.hibernate.type.BasicTypeRegistry     : Adding type registration imm_timestamp -> org.hibernate.type.BasicTypeReference@63917fe1
2023-09-10T00:25:47.718+09:00 DEBUG 7744 --- [    Test worker] org.hibernate.type.BasicTypeRegistry     : Adding type registration imm_calendar -> org.hibernate.type.BasicTypeReference@720f56e2
2023-09-10T00:25:47.718+09:00 DEBUG 7744 --- [    Test worker] org.hibernate.type.BasicTypeRegistry     : Adding type registration imm_calendar_date -> org.hibernate.type.BasicTypeReference@677349fb
2023-09-10T00:25:47.718+09:00 DEBUG 7744 --- [    Test worker] org.hibernate.type.BasicTypeRegistry     : Adding type registration imm_calendar_time -> org.hibernate.type.BasicTypeReference@4466cf5d
2023-09-10T00:25:47.718+09:00 DEBUG 7744 --- [    Test worker] org.hibernate.type.BasicTypeRegistry     : Adding type registration imm_binary -> org.hibernate.type.BasicTypeReference@2c60ce47
2023-09-10T00:25:47.718+09:00 DEBUG 7744 --- [    Test worker] org.hibernate.type.BasicTypeRegistry     : Adding type registration imm_serializable -> org.hibernate.type.BasicTypeReference@2450256f
2023-09-10T00:25:47.740+09:00  INFO 7744 --- [    Test worker] o.h.b.i.BytecodeProviderInitiator        : HHH000021: Bytecode provider name : bytebuddy
2023-09-10T00:25:47.868+09:00  INFO 7744 --- [    Test worker] o.s.o.j.p.SpringPersistenceUnitInfo      : No LoadTimeWeaver setup: ignoring JPA class transformer
2023-09-10T00:25:47.885+09:00  INFO 7744 --- [    Test worker] com.zaxxer.hikari.HikariDataSource       : HikariPool-1 - Starting...
2023-09-10T00:25:47.949+09:00  INFO 7744 --- [    Test worker] com.zaxxer.hikari.pool.HikariPool        : HikariPool-1 - Added connection conn0: url=jdbc:h2:tcp://localhost/~/jpashop user=SA
2023-09-10T00:25:47.951+09:00  INFO 7744 --- [    Test worker] com.zaxxer.hikari.HikariDataSource       : HikariPool-1 - Start completed.
2023-09-10T00:25:48.017+09:00 DEBUG 7744 --- [    Test worker] o.h.t.d.jdbc.spi.JdbcTypeRegistry        : addDescriptor(NCharTypeDescriptor) replaced previous registration(CharTypeDescriptor)
2023-09-10T00:25:48.017+09:00 DEBUG 7744 --- [    Test worker] o.h.t.d.jdbc.spi.JdbcTypeRegistry        : addDescriptor(NVarcharTypeDescriptor) replaced previous registration(VarcharTypeDescriptor)
2023-09-10T00:25:48.017+09:00 DEBUG 7744 --- [    Test worker] o.h.t.d.jdbc.spi.JdbcTypeRegistry        : addDescriptor(LongNVarcharTypeDescriptor) replaced previous registration(LongVarcharTypeDescriptor)
2023-09-10T00:25:48.020+09:00 DEBUG 7744 --- [    Test worker] o.h.t.d.jdbc.spi.JdbcTypeRegistry        : addDescriptor(NClobTypeDescriptor(DEFAULT)) replaced previous registration(ClobTypeDescriptor(DEFAULT))
2023-09-10T00:25:48.020+09:00 DEBUG 7744 --- [    Test worker] o.h.t.d.jdbc.spi.JdbcTypeRegistry        : addDescriptor(2005, ClobTypeDescriptor(STREAM_BINDING)) replaced previous registration(ClobTypeDescriptor(DEFAULT))
2023-09-10T00:25:48.022+09:00 DEBUG 7744 --- [    Test worker] o.h.t.d.jdbc.spi.JdbcTypeRegistry        : addDescriptor(TimestampUtcDescriptor) replaced previous registration(TimestampUtcDescriptor)
2023-09-10T00:25:48.024+09:00 DEBUG 7744 --- [    Test worker] o.h.t.d.jdbc.spi.JdbcTypeRegistry        : addDescriptor(3100, NumericTypeDescriptor) replaced previous registration(org.hibernate.dialect.H2DurationIntervalSecondJdbcType@105dc04d)
2023-09-10T00:25:48.027+09:00 DEBUG 7744 --- [    Test worker] o.h.type.spi.TypeConfiguration$Scope     : Scoping TypeConfiguration [org.hibernate.type.spi.TypeConfiguration@29d2fa84] to MetadataBuildingContext [org.hibernate.boot.internal.MetadataBuildingContextRootImpl@4540c7]
2023-09-10T00:25:48.167+09:00  INFO 7744 --- [    Test worker] p6spy                                    : #1694273148167 | took 4ms | statement | connection 1| url jdbc:h2:tcp://localhost/~/jpashop
select * from INFORMATION_SCHEMA.SEQUENCES
select * from INFORMATION_SCHEMA.SEQUENCES;
2023-09-10T00:25:48.180+09:00  INFO 7744 --- [    Test worker] o.h.b.i.BytecodeProviderInitiator        : HHH000021: Bytecode provider name : bytebuddy
2023-09-10T00:25:48.671+09:00  INFO 7744 --- [    Test worker] o.h.e.t.j.p.i.JtaPlatformInitiator       : HHH000490: Using JtaPlatform implementation: [org.hibernate.engine.transaction.jta.platform.internal.NoJtaPlatform]
2023-09-10T00:25:48.672+09:00 DEBUG 7744 --- [    Test worker] o.h.type.spi.TypeConfiguration$Scope     : Scoping TypeConfiguration [org.hibernate.type.spi.TypeConfiguration@29d2fa84] to SessionFactoryImplementor [org.hibernate.internal.SessionFactoryImpl@b1fa523]
2023-09-10T00:25:48.690+09:00  INFO 7744 --- [    Test worker] p6spy                                    : #1694273148690 | took 1ms | statement | connection 2| url jdbc:h2:tcp://localhost/~/jpashop

    drop table if exists member cascade 

    drop table if exists member cascade ;
2023-09-10T00:25:48.691+09:00  INFO 7744 --- [    Test worker] p6spy                                    : #1694273148691 | took 0ms | statement | connection 2| url jdbc:h2:tcp://localhost/~/jpashop

    drop sequence if exists member_seq

    drop sequence if exists member_seq;
2023-09-10T00:25:48.695+09:00  INFO 7744 --- [    Test worker] p6spy                                    : #1694273148695 | took 0ms | statement | connection 3| url jdbc:h2:tcp://localhost/~/jpashop

    create sequence member_seq start with 1 increment by 50

    create sequence member_seq start with 1 increment by 50;
2023-09-10T00:25:48.698+09:00  INFO 7744 --- [    Test worker] p6spy                                    : #1694273148698 | took 0ms | statement | connection 3| url jdbc:h2:tcp://localhost/~/jpashop

    create table member (
        id bigint not null,
        username varchar(255),
        primary key (id)
    )

    create table member (
        id bigint not null,
        username varchar(255),
        primary key (id)
    );
2023-09-10T00:25:48.700+09:00 TRACE 7744 --- [    Test worker] o.h.type.spi.TypeConfiguration$Scope     : Handling #sessionFactoryCreated from [org.hibernate.internal.SessionFactoryImpl@b1fa523] for TypeConfiguration
2023-09-10T00:25:48.700+09:00  INFO 7744 --- [    Test worker] j.LocalContainerEntityManagerFactoryBean : Initialized JPA EntityManagerFactory for persistence unit 'default'
2023-09-10T00:25:48.827+09:00  WARN 7744 --- [    Test worker] JpaBaseConfiguration$JpaWebConfiguration : spring.jpa.open-in-view is enabled by default. Therefore, database queries may be performed during view rendering. Explicitly configure spring.jpa.open-in-view to disable this warning
2023-09-10T00:25:48.969+09:00  INFO 7744 --- [    Test worker] o.s.b.a.w.s.WelcomePageHandlerMapping    : Adding welcome page: class path resource [static/index.html]
2023-09-10T00:25:49.107+09:00  INFO 7744 --- [    Test worker] c.e.s.MemberRepositoryTest               : Started MemberRepositoryTest in 2.726 seconds (process running for 3.634)
2023-09-10T00:25:49.540+09:00  INFO 7744 --- [    Test worker] p6spy                                    : #1694273149540 | took 0ms | statement | connection 4| url jdbc:h2:tcp://localhost/~/jpashop
select next value for member_seq
select next value for member_seq;
2023-09-10T00:25:49.611+09:00  INFO 7744 --- [    Test worker] p6spy                                    : #1694273149611 | took 0ms | statement | connection 4| url jdbc:h2:tcp://localhost/~/jpashop
insert into member (username,id) values (?,?)
insert into member (username,id) values ('memberA',1);
2023-09-10T00:25:49.612+09:00  INFO 7744 --- [    Test worker] p6spy                                    : #1694273149612 | took 0ms | commit | connection 4| url jdbc:h2:tcp://localhost/~/jpashop

;
]]></system-out>
  <system-err><![CDATA[]]></system-err>
</testsuite>
